[info]Initiating Autonomous Research for:[/info] [accent]flanel[/accent]
[info]Starting Playwright engine...[/info]
[info]Routing task to Tokopedia Agent...[/info]
[info]Navigating to https://www.tokopedia.com/search?q=flanel...[/info]
[info]Scrolling to extract lazy-loaded products...[/info]
[info]Found 0 products on screen.[/info]
[warning]No products found.[/warning]
[info]Closing Playwright engine...[/info]
[info]Initiating Autonomous Research for:[/info] [accent]flanel[/accent]
[info]Starting Playwright engine...[/info]
[info]Routing task to Tokopedia Agent...[/info]
[info]Navigating to https://www.tokopedia.com/search?q=flanel[/info]
[info]Starting human-like scrolling to trigger lazy loading...[/info]
[info]Current URL:[/info] https://www.tokopedia.com/search?q=flanel
[info]Found 0 products on screen using selectors: div[data-testid="divProductWrapper"], .pcv3__container, div[class*="product-card"], .css-1sn1xa2[/info]
[warning]0 products found. Saved debug screenshot to C:\Users\arisb\Documents\antigravity\ecom_ai\logs\tokopedia_debug_0_products.png[/warning]
[warning]No products found.[/warning]
[info]Closing Playwright engine...[/info]
[info]Initiating Autonomous Research for:[/info] [accent]flanel[/accent]
[info]Starting Playwright engine...[/info]
[info]Routing task to Tokopedia Agent...[/info]
[info]Navigating to https://www.tokopedia.com/search?q=flanel[/info]
[info]Starting human-like scrolling to trigger lazy loading...[/info]
[info]Current URL:[/info] https://www.tokopedia.com/search?q=flanel
[info]Found 0 products on screen using selectors: div[data-testid="divProductWrapper"], .pcv3__container, div[class*="product-card"], .css-1sn1xa2[/info]
[warning]0 products found. Saved debug screenshot to C:\Users\arisb\Documents\antigravity\ecom_ai\logs\tokopedia_debug_0_products.png[/warning]
[warning]No products found.[/warning]
[info]Closing Playwright engine...[/info]

[success]SUCCESS ✓[/success]
[info]Initiating Autonomous Research for:[/info] [accent]flanel[/accent]
[info]Starting Playwright engine...[/info]
[info]Routing task to Tokopedia Agent...[/info]
[info]Navigating to https://www.tokopedia.com/search?q=flanel[/info]
[info]Starting human-like scrolling to trigger lazy loading...[/info]
[info]Current URL:[/info] https://www.tokopedia.com/search?q=flanel
[info]Found 0 products on screen using selectors: div[data-testid="divProductWrapper"], div[data-testid*="divProductWrapper"], .pcv3__container, div[class*="product-card"], .css-1sn1xa2, div[class*="ProductCard"][/info]
[warning]0 products found. Saved debug screenshot and HTML snapshot to logs directory[/warning]
[warning]No products found. Exporting empty debug file.[/warning]
[success]Export process completed[/success]
[info]Closing Playwright engine...[/info]

[success]SUCCESS ✓[/success]
[info]Initiating Autonomous Research for:[/info] [accent]macbook pro m3[/accent]
[info]Starting Playwright engine...[/info]
[info]Routing task to Tokopedia Agent...[/info]
[info]Navigating to https://www.tokopedia.com/search?q=macbook%20pro%20m3[/info]
[info]Starting human-like scrolling to trigger lazy loading...[/info]
[info]Current URL:[/info] https://www.tokopedia.com/search?q=macbook%20pro%20m3
[info]Found 0 products on screen using selectors: div[data-testid="divProductWrapper"], div[data-testid*="divProductWrapper"], .pcv3__container, div[class*="product-card"], .css-1sn1xa2, div[class*="ProductCard"][/info]
[warning]0 products found. Saved debug screenshot and HTML snapshot to logs directory[/warning]
[warning]No products found. Exporting empty debug file.[/warning]
[success]Export process completed[/success]
[info]Closing Playwright engine...[/info]

[success]SUCCESS ✓[/success]
[info]Initiating Autonomous Research for:[/info] [accent]flanel[/accent]
[info]Starting Playwright engine...[/info]
[info]Routing task to Tokopedia Agent...[/info]
[info]Navigating to https://www.tokopedia.com/search?q=flanel[/info]
[info]Attempt 1/3: Starting human-like scrolling to trigger lazy loading...[/info]
[error]Tokopedia Agent failed: Timeout 30000ms exceeded.[/error]
[warning]No products found. Exporting empty debug file.[/warning]
[success]Export process completed[/success]
[info]Closing Playwright engine...[/info]

[success]SUCCESS ✓[/success]
[info]Initiating Autonomous Research for:[/info] [accent]flanel[/accent]
[info]Starting Playwright engine...[/info]
[info]Routing task to Tokopedia Agent...[/info]
[info]Navigating to https://www.tokopedia.com/search?q=flanel[/info]
[error]Page load timeout or error: Page.goto: Timeout 60000ms exceeded.
Call log:
  - navigating to "https://www.tokopedia.com/search?q=flanel", waiting until "domcontentloaded"
[/error]
[info]Attempt 1/3: Starting human-like scrolling to trigger lazy loading...[/info]
[info]Attempt 1: Found 0 product candidates using selectors.[/info]
[warning]0 products found on attempt 1, retrying...[/warning]
[info]Attempt 2/3: Starting human-like scrolling to trigger lazy loading...[/info]
[info]Attempt 2: Found 0 product candidates using selectors.[/info]
[warning]0 products found on attempt 2, retrying...[/warning]
[info]Attempt 3/3: Starting human-like scrolling to trigger lazy loading...[/info]
[info]Attempt 3: Found 0 product candidates using selectors.[/info]
[warning]0 products found on attempt 3, retrying...[/warning]
[info]Current URL:[/info] https://www.tokopedia.com/search?q=flanel
[warning]0 products found. Saved debug screenshot and HTML snapshot to logs directory[/warning]
[warning]No products found. Exporting empty debug file.[/warning]
[success]Export process completed[/success]
[info]Closing Playwright engine...[/info]

[success]SUCCESS ✓[/success]
[info]Initiating Autonomous Research for:[/info] [accent]macbook air m4[/accent]
[info]Starting Playwright engine...[/info]
[info]Routing task to Tokopedia Agent...[/info]
[info]Navigating to https://www.tokopedia.com/search?q=macbook%20air%20m4[/info]
[info]Attempt 1/3: Starting human-like scrolling to trigger lazy loading...[/info]
[info]Attempt 1: Found 0 product candidates using selectors.[/info]
[warning]0 products found on attempt 1, retrying...[/warning]
[info]Attempt 2/3: Starting human-like scrolling to trigger lazy loading...[/info]
[info]Attempt 2: Found 0 product candidates using selectors.[/info]
[warning]0 products found on attempt 2, retrying...[/warning]
[info]Attempt 3/3: Starting human-like scrolling to trigger lazy loading...[/info]
[info]Attempt 3: Found 0 product candidates using selectors.[/info]
[warning]0 products found on attempt 3, retrying...[/warning]
[info]Current URL:[/info] https://www.tokopedia.com/search?q=macbook%20air%20m4
[warning]0 products found. Saved debug screenshot and HTML snapshot to logs directory[/warning]
[warning]No products found. Exporting empty debug file.[/warning]
[success]Export process completed[/success]
[info]Closing Playwright engine...[/info]

[success]SUCCESS ✓[/success]
[info]Initiating Autonomous Research for:[/info] [accent]celana[/accent]
[info]Starting Playwright engine...[/info]
[info]Routing task to Tokopedia Agent...[/info]
[info]Navigating to https://www.tokopedia.com/search?q=celana[/info]
[info]Scroll attempt 1/3...[/info]
[info]DOM Discovery Mode: scanning live DOM for price/sold signals...[/info]
[info]DOM Discovery: 200 raw signal elements found.[/info]
[info]Saved raw candidates to C:\Users\arisb\Documents\antigravity\ecom_ai\logs\rp_candidates.txt[/info]
[info]Saved structured candidates to C:\Users\arisb\Documents\antigravity\ecom_ai\logs\product_candidates.json[/info]
[info]Top-5 parent signatures: [('div.y-oybT3IAd310DVdH3OwVg==', 39), ('div.pBlp2erqYHW+p5z-rsznAA==', 28), ('div', 22), ('div.css-5wh65g', 20), ('a.Ui5-B4CDAk4Cv-cjLm4o0g==.XeGJAOdlJaxl4+UD3zEJLg==', 20)][/info]
[info]Top-5 grandparent signatures: [('div.y-oybT3IAd310DVdH3OwVg==', 47), ('div.gG1uA844gIiB2+C3QWiaKA==', 39), ('div', 23), ('div.css-jza1fo', 20), ('div.css-5wh65g', 20)][/info]
[info]Best candidate selector: 'div.y-oybT3IAd310DVdH3OwVg==' | count=39 | confidence=0.2[/info]
[info]Best-selector report saved to C:\Users\arisb\Documents\antigravity\ecom_ai\logs\best_selector.txt[/info]
[info]Attempt 1: DOM discovery found 200 signal elements. Best selector: 'div.y-oybT3IAd310DVdH3OwVg==' (confidence 20%)[/info]
[info]Signal elements detected — proceeding to extraction.[/info]
[info]Current URL: https://www.tokopedia.com/search?q=celana[/info]
[info]Trying selector 'div[data-testid="divProductWrapper"]' → 0 elements[/info]
[info]Trying selector '.pcv3__container' → 0 elements[/info]
[info]Trying selector 'div[class*="ProductCard"]' → 0 elements[/info]
[info]Trying selector 'a[href*="/p/"]' → 0 elements[/info]
[warning]All selectors returned 0. Saving debug snapshot.[/warning]
[info]Extraction complete: 0 valid products found.[/info]
[warning]No products found. Exporting empty debug file.[/warning]
[success]Export process completed[/success]
[info]Closing Playwright engine...[/info]

[success]SUCCESS ✓[/success]
[info]Initiating Autonomous Research for:[/info] [accent]flanel[/accent]
[info]Starting Playwright engine...[/info]
[info]Routing task to Tokopedia Agent...[/info]
[info]Navigating to: https://www.tokopedia.com/search?q=flanel[/info]
[info]Attempt 1/3: scrolling + waiting for products...[/info]
[info]Live DOM: 0 product links found (a[href*='/p/'])[/info]
[info]JS extraction: 0 raw product candidates[/info]
[warning]0 candidates on attempt 1, retrying...[/warning]
[info]Attempt 2/3: scrolling + waiting for products...[/info]
[info]Live DOM: 0 product links found (a[href*='/p/'])[/info]
[info]JS extraction: 0 raw product candidates[/info]
[warning]0 candidates on attempt 2, retrying...[/warning]
[info]Attempt 3/3: scrolling + waiting for products...[/info]
[info]Live DOM: 0 product links found (a[href*='/p/'])[/info]
[info]JS extraction: 0 raw product candidates[/info]
[warning]0 candidates on attempt 3, retrying...[/warning]
[warning]All attempts failed. Saving debug snapshot.[/warning]
[info]Final result: 0 valid products extracted.[/info]
[warning]No products found. Exporting empty debug file.[/warning]
[success]Export process completed[/success]
[info]Closing Playwright engine...[/info]

[success]SUCCESS ✓[/success]
[info]Initiating Autonomous Research for:[/info] [accent]baju[/accent]
[info]Starting Playwright engine...[/info]
[info]Routing task to Tokopedia Agent...[/info]
[info]Navigating to: https://www.tokopedia.com/search?q=baju[/info]
[info]Non-headless mode: pausing 3s for manual DOM inspection if needed.[/info]
[info]Attempt 1/3: scrolling to render products...[/info]
[info]Live DOM: 469 'Rp' nodes | 98 <a> tags visible[/info]
[info]Attempt 1: 58 raw candidates found.[/info]
[info]Sample → name: 'Baju koko preview by itang yunasz / koko preview lengan pend' | price: 'Rp385.000' | sold: ''[/info]
[info]Done. 50 valid products extracted.[/info]
[success]Found 50 products.[/success]
[success]Export process completed[/success]
[info]Closing Playwright engine...[/info]

[success]SUCCESS ✓[/success]
[info]Initiating Autonomous Research for:[/info] [accent]flanel[/accent]
[info]Starting Playwright engine...[/info]
[info]Routing task to Tokopedia Agent...[/info]
[info]Navigating to: https://www.tokopedia.com/search?q=flanel[/info]
[info]Non-headless mode: pausing 3s for manual DOM inspection if needed.[/info]
[info]Attempt 1/3: scrolling to render products...[/info]
[info]Live DOM: 487 'Rp' nodes | 98 <a> tags visible[/info]
[info]Attempt 1: 47 raw candidates found.[/info]
[info]Sample → name: 'Cyfersia Kemeja Flanel Pria dan Wanita Motif Kotak Lengan Pa' | price: 'Rp158.360' | sold: '8 terjual'[/info]
[info]Done. 47 valid products extracted.[/info]
[success]Found 47 products.[/success]
[success]Export process completed[/success]
[info]Closing Playwright engine...[/info]

[success]SUCCESS ✓[/success]
[info]Initiating Autonomous Research for:[/info] [accent]jubah[/accent]
[info]Starting Playwright engine...[/info]
[info]Routing task to Tokopedia Agent...[/info]
[info]Navigating to: https://www.tokopedia.com/search?q=jubah[/info]
[error]Page navigation error: Page.goto: net::ERR_NAME_NOT_RESOLVED at https://www.tokopedia.com/search?q=jubah
Call log:
  - navigating to "https://www.tokopedia.com/search?q=jubah", waiting until "domcontentloaded"
[/error]
[info]Non-headless mode: pausing 3s for manual DOM inspection if needed.[/info]
[info]Attempt 1/3: scrolling to render products...[/info]
[info]Live DOM: 1 'Rp' nodes | 1 <a> tags visible[/info]
[info]Attempt 1: 0 raw candidates found.[/info]
[warning]0 candidates on attempt 1. Waiting 3s before retry...[/warning]
[info]Attempt 2/3: scrolling to render products...[/info]
[info]Live DOM: 1 'Rp' nodes | 1 <a> tags visible[/info]
[info]Attempt 2: 0 raw candidates found.[/info]
[warning]0 candidates on attempt 2. Waiting 3s before retry...[/warning]
[info]Attempt 3/3: scrolling to render products...[/info]
[info]Live DOM: 0 'Rp' nodes | 6 <a> tags visible[/info]
[info]Attempt 3: 0 raw candidates found.[/info]
[warning]0 candidates on attempt 3. Waiting 3s before retry...[/warning]
[warning]All attempts failed — saving full debug snapshot.[/warning]
[warning]Check logs/tokopedia_debug_0_products.png and logs/tokopedia_debug_dom.html for clues.[/warning]
[info]Done. 0 valid products extracted.[/info]
[warning]No products found. Exporting empty debug file.[/warning]
[success]Export process completed[/success]
[info]Closing Playwright engine...[/info]

[success]SUCCESS ✓[/success]
[info]Initiating Autonomous Research for:[/info] [accent]celana[/accent]
[info]Starting Playwright engine...[/info]
[info]Routing task to Tokopedia Agent...[/info]
[info]Navigating to: https://www.tokopedia.com/search?q=celana[/info]
[info]Non-headless mode: pausing 3s for manual DOM inspection if needed.[/info]
[info]Attempt 1/3: scrolling to render products...[/info]
[info]Live DOM: 453 'Rp' nodes | 98 <a> tags visible[/info]
[info]Attempt 1: 60 raw candidates found.[/info]
[info]Sample → name: 'Celana dalam Boxer pria SUPERMAX KINGSMAN isi 3 - M' | price: 'Rp91.000' | sold: '3 terjual'[/info]
[info]Raw candidates saved to C:\Users\arisb\Documents\antigravity\ecom_ai\exports\raw_tokopedia.json[/info]
[info]clean_batch: 60 raw → 50 valid products.[/info]
[info]Done. 50 valid products extracted.[/info]
[success]Found 50 products.[/success]
[success]CSV  saved → C:\Users\arisb\Documents\antigravity\ecom_ai\exports\celana_20260529_114415.csv[/success]
[success]XLSX saved → C:\Users\arisb\Documents\antigravity\ecom_ai\exports\celana_20260529_114415.xlsx[/success]
[success]JSON saved → C:\Users\arisb\Documents\antigravity\ecom_ai\exports\celana_20260529_114415.json[/success]
[success]Export process completed[/success]
[info]Closing Playwright engine...[/info]

[success]SUCCESS ✓[/success]
[info]Initiating Autonomous Research for:[/info] [accent]knit wear[/accent]
[info]Starting Playwright engine...[/info]
[info]Routing task to Tokopedia Agent...[/info]
[info]Navigating to: https://www.tokopedia.com/search?q=knit%20wear[/info]
[info]Non-headless mode: pausing 3s for manual DOM inspection if needed.[/info]
[info]Attempt 1/3: scrolling to render products...[/info]
[info]Live DOM: 475 'Rp' nodes | 98 <a> tags visible[/info]
[info]Attempt 1: 56 raw candidates found.[/info]
[info]Sample → name: 'This Is April Orelle Top Knit Atasan Wanita Lengan Panjang A' | price: 'Rp259.000' | sold: '17 terjual'[/info]
[info]Raw candidates saved to C:\Users\arisb\Documents\antigravity\ecom_ai\exports\raw_tokopedia.json[/info]
[info]clean_batch: 56 raw → 50 valid products.[/info]
[info]Done. 50 valid products extracted.[/info]
[info]Routing task to Shopee Agent...[/info]
[info]Navigating to: https://shopee.co.id/search?keyword=knit%20wear[/info]
[info]Shopee attempt 1/3: scrolling + detecting...[/info]
[info]Shopee live DOM: 0 'Rp' nodes visible[/info]
[info]Shopee attempt 1: 0 raw candidates[/info]
[warning]Shopee: 0 candidates on attempt 1. Retrying...[/warning]
[info]Shopee attempt 2/3: scrolling + detecting...[/info]
[info]Shopee live DOM: 0 'Rp' nodes visible[/info]
[info]Shopee attempt 2: 0 raw candidates[/info]
[warning]Shopee: 0 candidates on attempt 2. Retrying...[/warning]
[info]Shopee attempt 3/3: scrolling + detecting...[/info]
[info]Shopee live DOM: 0 'Rp' nodes visible[/info]
[info]Shopee attempt 3: 0 raw candidates[/info]
[warning]Shopee: 0 candidates on attempt 3. Retrying...[/warning]
[warning]Shopee: all attempts failed — saving debug snapshot.[/warning]
[info]Shopee raw candidates saved to C:\Users\arisb\Documents\antigravity\ecom_ai\exports\raw_shopee.json[/info]
[info]Shopee clean_batch: 0 raw → 0 valid[/info]
[info]Shopee done. 0 valid products extracted.[/info]
[info]Aggregator: 50 total products combined.[/info]
[info]  • Tokopedia: 50 products[/info]
[success]Found 50 total products across all platforms.[/success]
[success]CSV  saved → C:\Users\arisb\Documents\antigravity\ecom_ai\exports\knit_wear_20260529_122736.csv[/success]
[success]XLSX saved → C:\Users\arisb\Documents\antigravity\ecom_ai\exports\knit_wear_20260529_122736.xlsx[/success]
[success]JSON saved → C:\Users\arisb\Documents\antigravity\ecom_ai\exports\knit_wear_20260529_122736.json[/success]
[success]Export process completed[/success]
[info]Closing Playwright engine...[/info]

[success]SUCCESS ✓[/success]
[info]Initiating Autonomous Research for:[/info] [accent]kardigan pria[/accent]
[info]Starting Playwright engine...[/info]
[info]Routing task to Tokopedia Agent...[/info]
[info]Navigating to: https://www.tokopedia.com/search?q=kardigan%20pria[/info]
[info]Non-headless mode: pausing 3s for manual DOM inspection if needed.[/info]
[info]Attempt 1/3: scrolling to render products...[/info]
[info]Live DOM: 435 'Rp' nodes | 98 <a> tags visible[/info]
[info]Attempt 1: 58 raw candidates found.[/info]
[info]Sample → name: 'CRSL White Pattern Cardi | Cardigan Unisex Rajut Knitwear | ' | price: 'Rp322.420' | sold: ''[/info]
[info]Raw candidates saved to C:\Users\arisb\Documents\antigravity\ecom_ai\exports\raw_tokopedia.json[/info]
[info]clean_batch: 58 raw → 50 valid products.[/info]
[info]Done. 50 valid products extracted.[/info]
[info]Routing task to Shopee Agent...[/info]
[info]Navigating to: https://shopee.co.id/search?keyword=kardigan%20pria[/info]
[info]Shopee attempt 1/3: scrolling + detecting...[/info]
[info]Shopee live DOM: 0 'Rp' nodes visible[/info]
[info]Shopee attempt 1: 0 raw candidates[/info]
[warning]Shopee: 0 candidates on attempt 1. Retrying...[/warning]
[info]Shopee attempt 2/3: scrolling + detecting...[/info]
[info]Shopee live DOM: 0 'Rp' nodes visible[/info]
[info]Shopee attempt 2: 0 raw candidates[/info]
[warning]Shopee: 0 candidates on attempt 2. Retrying...[/warning]
[info]Shopee attempt 3/3: scrolling + detecting...[/info]
[info]Shopee live DOM: 0 'Rp' nodes visible[/info]
[info]Shopee attempt 3: 0 raw candidates[/info]
[warning]Shopee: 0 candidates on attempt 3. Retrying...[/warning]
[warning]Shopee: all attempts failed — saving debug snapshot.[/warning]
[info]Shopee raw candidates saved to C:\Users\arisb\Documents\antigravity\ecom_ai\exports\raw_shopee.json[/info]
[info]Shopee clean_batch: 0 raw → 0 valid[/info]
[info]Shopee done. 0 valid products extracted.[/info]
[info]Aggregator: 50 total products combined.[/info]
[info]  • Tokopedia: 50 products[/info]
[success]Found 50 total products across all platforms.[/success]
[success]CSV  saved → C:\Users\arisb\Documents\antigravity\ecom_ai\exports\kardigan_pria_20260529_123035.csv[/success]
[success]XLSX saved → C:\Users\arisb\Documents\antigravity\ecom_ai\exports\kardigan_pria_20260529_123035.xlsx[/success]
[success]JSON saved → C:\Users\arisb\Documents\antigravity\ecom_ai\exports\kardigan_pria_20260529_123035.json[/success]
[success]Export process completed[/success]
[info]Closing Playwright engine...[/info]

[success]SUCCESS ✓[/success]
[info]Initiating Autonomous Research for:[/info] [accent]macbook air m3[/accent]
[info]Starting Playwright engine...[/info]
[info]Routing task to Tokopedia Agent...[/info]
[info]Navigating to: https://www.tokopedia.com/search?q=macbook%20air%20m3[/info]
[info]Non-headless mode: pausing 3s for manual DOM inspection if needed.[/info]
[info]Attempt 1/3: scrolling to render products...[/info]
[info]Live DOM: 349 'Rp' nodes | 83 <a> tags visible[/info]
[info]Attempt 1: 42 raw candidates found.[/info]
[info]Sample → name: 'Case Macbook Air 13.6 M3 M2 SwitchEasy Touch Casing' | price: 'Rp599.000' | sold: '1 terjual'[/info]
[info]Raw candidates saved to C:\Users\arisb\Documents\antigravity\ecom_ai\exports\raw_tokopedia.json[/info]
[info]clean_batch: 42 raw → 42 valid products.[/info]
[info]Done. 42 valid products extracted.[/info]
[info]Routing task to Shopee Agent...[/info]
[info]Navigating to: https://shopee.co.id/search?keyword=macbook%20air%20m3[/info]
[info]Shopee attempt 1/3: scrolling + detecting...[/info]
[info]Shopee live DOM: 0 'Rp' nodes visible[/info]
[info]Shopee attempt 1: 0 raw candidates[/info]
[warning]Shopee: 0 candidates on attempt 1. Retrying...[/warning]
[info]Shopee attempt 2/3: scrolling + detecting...[/info]
[info]Shopee live DOM: 0 'Rp' nodes visible[/info]
[info]Shopee attempt 2: 0 raw candidates[/info]
[warning]Shopee: 0 candidates on attempt 2. Retrying...[/warning]
[info]Shopee attempt 3/3: scrolling + detecting...[/info]
[info]Shopee live DOM: 0 'Rp' nodes visible[/info]
[info]Shopee attempt 3: 0 raw candidates[/info]
[warning]Shopee: 0 candidates on attempt 3. Retrying...[/warning]
[warning]Shopee: all attempts failed — saving debug snapshot.[/warning]
[info]Shopee raw candidates saved to C:\Users\arisb\Documents\antigravity\ecom_ai\exports\raw_shopee.json[/info]
[info]Shopee clean_batch: 0 raw → 0 valid[/info]
[info]Shopee done. 0 valid products extracted.[/info]
[info]Aggregator: 42 total products combined.[/info]
[info]  • Tokopedia: 42 products[/info]
[success]Found 42 total products across all platforms.[/success]
[success]CSV  saved → C:\Users\arisb\Documents\antigravity\ecom_ai\exports\macbook_air_m3_20260529_124300.csv[/success]
[success]XLSX saved → C:\Users\arisb\Documents\antigravity\ecom_ai\exports\macbook_air_m3_20260529_124300.xlsx[/success]
[success]JSON saved → C:\Users\arisb\Documents\antigravity\ecom_ai\exports\macbook_air_m3_20260529_124300.json[/success]
[success]Export process completed[/success]
[info]Closing Playwright engine...[/info]

[success]SUCCESS ✓[/success]
[info]Initiating Autonomous Research for:[/info] [accent]iphone 13[/accent]
[info]Starting Playwright engine with persistent context...[/info]
[error]Failed to launch persistent context (is Chrome open?): BrowserType.launch_persistent_context: Opening in existing browser session. This usually means that the profile is already in use by another instance of Chromium.
Call log:
  - <launching> C:\Users\arisb\AppData\Local\ms-playwright\chromium-1223\chrome-win64\chrome.exe --disable-field-trial-config --disable-background-networking --disable-background-timer-throttling --disable-backgrounding-occluded-windows --disable-back-forward-cache --disable-breakpad --disable-client-side-phishing-detection --disable-component-extensions-with-background-pages --disable-component-update --no-default-browser-check --disable-default-apps --disable-dev-shm-usage --disable-edgeupdater --disable-extensions --disable-features=AvoidUnnecessaryBeforeUnloadCheckSync,BoundaryEventDispatchTracksNodeRemoval,DestroyProfileOnBrowserClose,DialMediaRouteProvider,GlobalMediaControls,HttpsUpgrades,LensOverlay,MediaRouter,PaintHolding,ThirdPartyStoragePartitioning,Translate,AutoDeElevate,RenderDocument,OptimizationHints,msForceBrowserSignIn,msEdgeUpdateLaunchServicesPreferredVersion --enable-features=CDPScreenshotNewSurface --allow-pre-commit-input --disable-hang-monitor --disable-ipc-flooding-protection --disable-popup-blocking --disable-prompt-on-repost --disable-renderer-backgrounding --force-color-profile=srgb --metrics-recording-only --no-first-run --password-store=basic --use-mock-keychain --no-service-autorun --export-tagged-pdf --disable-search-engine-choice-screen --unsafely-disable-devtools-self-xss-warnings --edge-skip-compat-layer-relaunch --disable-infobars --disable-search-engine-choice-screen --disable-sync --enable-unsafe-swiftshader --no-sandbox --disable-blink-features=AutomationControlled --user-data-dir=C:\Users\arisb\AppData\Local\Google\Chrome\User Data --remote-debugging-pipe about:blank
  - <launched> pid=11968
  - [pid=11968][out] Opening in existing browser session.
  - [pid=11968] <gracefully close start>
  - [pid=11968] <kill>
  - [pid=11968] <will force kill>
  - [pid=11968] taskkill stderr: ERROR: The process "11968" not found.
  - [pid=11968] <process did exit: exitCode=0, signal=null>
  - [pid=11968] starting temporary directories cleanup
  - [pid=11968] finished temporary directories cleanup
  - [pid=11968] <gracefully close end>
[/error]
[info]Initiating Autonomous Research for:[/info] [accent]iphone 13[/accent]
[info]Starting Playwright engine with persistent context...[/info]
[info]Routing task to Tokopedia Agent...[/info]
[info]Navigating to: https://www.tokopedia.com/search?q=iphone%2013[/info]
[info]Non-headless mode: pausing 3s for manual DOM inspection if needed.[/info]
[info]Attempt 1/3: scrolling to render products...[/info]
[info]Live DOM: 487 'Rp' nodes | 98 <a> tags visible[/info]
[info]Attempt 1: 59 raw candidates found.[/info]
[info]Sample → name: 'Copper Tempered Glass Kamera - kompatibel untuk iPhone 13 Pr' | price: 'Rp39.900' | sold: '9 terjual'[/info]
[info]Raw candidates saved to C:\Users\arisb\Documents\antigravity\ecom_ai\exports\raw_tokopedia.json[/info]
[info]clean_batch: 59 raw → 50 valid products.[/info]
[info]Done. 50 valid products extracted.[/info]
[info]Routing task to Shopee Agent...[/info]
[info]Shopee: Navigating to homepage for safe initialization...[/info]
[warning]Shopee: Pausing for manual login/verification. Please complete it in the browser window.[/warning]
[warning]Click 'Resume' in the Playwright Inspector once you are ready.[/warning]
[info]Shopee: Resuming... Simulating human behavior...[/info]
[info]Navigating to search: https://shopee.co.id/search?keyword=iphone%2013[/info]
[info]Shopee attempt 1/3: scrolling + detecting...[/info]
[info]Shopee live DOM: 0 'Rp' nodes visible[/info]
[info]Shopee attempt 1: 0 raw candidates[/info]
[warning]Shopee: 0 candidates on attempt 1. Retrying...[/warning]
[info]Shopee attempt 2/3: scrolling + detecting...[/info]
[error]Shopee extraction loop failed: Page.wait_for_timeout: Target page, context or browser has been closed[/error]
[warning]Shopee: all attempts failed — saving debug snapshot and returning blocked status.[/warning]
[error]Shopee Agent failed: Page.screenshot: Target page, context or browser has been closed[/error]
[info]Aggregator: 50 total products combined.[/info]
[info]  • Tokopedia: 50 products[/info]
[success]Found 50 total products across all platforms.[/success]
[success]CSV  saved → C:\Users\arisb\Documents\antigravity\ecom_ai\exports\iphone_13_20260529_134254.csv[/success]
[success]XLSX saved → C:\Users\arisb\Documents\antigravity\ecom_ai\exports\iphone_13_20260529_134254.xlsx[/success]
[success]JSON saved → C:\Users\arisb\Documents\antigravity\ecom_ai\exports\iphone_13_20260529_134254.json[/success]
[success]Export process completed[/success]
[info]Closing Playwright engine...[/info]
[info]Initiating AI Travel Price Intelligence for:[/info] [accent]hotel di hotel[/accent]
[info]Starting Playwright engine with persistent context...[/info]
[info]Stage 1 Discovery: hotel di hotel[/info]
[info]Stage 1 complete: 3 place names discovered.[/info]
[info]Detail progress 1/3[/info]
[info]Stage 2 Detail: Why did this happen?[/info]
[info]Detail progress 2/3[/info]
[info]Stage 2 Detail: IP address: 182.10.98.178[/info]
[info]Detail progress 3/3[/info]
[info]Stage 2 Detail: Time: 2026-05-29T07:26:39Z[/info]
[info]Stage 2 complete: 3 researched places retained.[/info]
[success]Travel CSV  saved -> c:\Users\arisb\Documents\antigravity\ecom_ai\exports\travel_hotel_hotel_20260529_142656.csv[/success]
[success]Travel XLSX saved -> c:\Users\arisb\Documents\antigravity\ecom_ai\exports\travel_hotel_hotel_20260529_142656.xlsx[/success]
[success]Travel JSON saved -> c:\Users\arisb\Documents\antigravity\ecom_ai\exports\travel_hotel_hotel_20260529_142656.json[/success]
[info]Closing Playwright engine...[/info]

[success]TRAVEL RESEARCH COMPLETE[/success]
[info]Initiating AI Travel Price Intelligence for:[/info] [accent]wisata di wisata[/accent]
[info]Starting Playwright engine with persistent context...[/info]
[info]Stage 1 Discovery: wisata di wisata[/info]
[info]Stage 1 complete: 3 place names discovered.[/info]
[info]Detail progress 1/3[/info]
[info]Stage 2 Detail: Why did this happen?[/info]
[info]Detail progress 2/3[/info]
[info]Stage 2 Detail: IP address: 182.10.98.178[/info]
[info]Detail progress 3/3[/info]
[info]Stage 2 Detail: Time: 2026-05-29T07:27:26Z[/info]
[info]Stage 2 complete: 3 researched places retained.[/info]
[success]Travel CSV  saved -> c:\Users\arisb\Documents\antigravity\ecom_ai\exports\travel_wisata_wisata_20260529_142746.csv[/success]
[success]Travel XLSX saved -> c:\Users\arisb\Documents\antigravity\ecom_ai\exports\travel_wisata_wisata_20260529_142746.xlsx[/success]
[success]Travel JSON saved -> c:\Users\arisb\Documents\antigravity\ecom_ai\exports\travel_wisata_wisata_20260529_142746.json[/success]
[info]Closing Playwright engine...[/info]

[success]TRAVEL RESEARCH COMPLETE[/success]
[info]Initiating AI Travel Price Intelligence for:[/info] [accent]hotel di hotel[/accent]
[info]Starting Playwright engine with persistent context...[/info]
[info]Stage 1 Discovery: hotel di hotel[/info]
[error]Discovery failed: Page.goto: net::ERR_NETWORK_CHANGED at https://www.google.com/search?q=hotel%20di%20hotel
Call log:
  - navigating to "https://www.google.com/search?q=hotel%20di%20hotel", waiting until "domcontentloaded"
[/error]
[info]Stage 1 complete: 0 place names discovered.[/info]
[info]Stage 2 complete: 0 researched places retained.[/info]
[success]Travel JSON saved -> c:\Users\arisb\Documents\antigravity\ecom_ai\exports\travel_hotel_hotel_20260529_143431.json[/success]
[info]Closing Playwright engine...[/info]

[success]TRAVEL RESEARCH COMPLETE[/success]
[info]Initiating AI Travel Price Intelligence for:[/info] [accent]hotel di bandung[/accent]
[info]Starting Playwright engine with persistent context...[/info]
[info]Stage 1 Discovery via Google Maps: hotel di bandung[/info]
[info]Stage 1 complete: 30 place names discovered.[/info]
[info]Validation progress 1/30[/info]
[info]Stage 2 Detail: Rating[/info]
[info]Human delay before next search: 2363ms[/info]
[info]Validation progress 2/30[/info]
[info]Stage 2 Detail: Fasilitas[/info]
[info]Human delay before next search: 2518ms[/info]
[info]Validation progress 3/30[/info]
[info]Stage 2 Detail: Kelas hotel[/info]
[info]Human delay before next search: 3291ms[/info]
[info]Validation progress 4/30[/info]
[info]Stage 2 Detail: Semua filter[/info]
[info]Human delay before next search: 3775ms[/info]
[info]Validation progress 5/30[/info]
[info]Stage 2 Detail: Filter yang tersedia untuk penelusuran ini[/info]
[info]Human delay before next search: 2657ms[/info]
[info]Validation progress 6/30[/info]
[info]Stage 2 Detail: Disimpan[/info]
[info]Human delay before next search: 2451ms[/info]
[info]Validation progress 7/30[/info]
[info]Stage 2 Detail: Terbaru[/info]
[info]Human delay before next search: 2932ms[/info]
[info]Validation progress 8/30[/info]
[info]Stage 2 Detail: Dapatkan aplikasi[/info]
[info]Human delay before next search: 2059ms[/info]
[info]Validation progress 9/30[/info]
[info]Stage 2 Detail: Sen, 29 Jun[/info]
[info]Human delay before next search: 2782ms[/info]
[info]Validation progress 10/30[/info]
[info]Stage 2 Detail: Sel, 30 Jun[/info]
[info]Human delay before next search: 1994ms[/info]
[info]Initiating Autonomous Research for:[/info] [accent]flanel[/accent]
[info]Starting Playwright engine with persistent context...[/info]
[info]Routing task to Tokopedia Agent...[/info]
[info]Navigating to: https://www.tokopedia.com/search?q=flanel[/info]
[info]Non-headless mode: pausing 3s for manual DOM inspection if needed.[/info]
[info]Attempt 1/3: scrolling to render products...[/info]
[info]Live DOM: 907 'Rp' nodes | 158 <a> tags visible[/info]
[info]Attempt 1: 114 raw candidates found.[/info]
[info]Sample → name: 'kemeja flanel kekinian pria wanita  premium Outfit kece vira' | price: 'Rp53.400' | sold: ''[/info]
[info]Raw candidates saved to C:\Users\arisb\Documents\antigravity\ecom_ai\exports\raw_tokopedia.json[/info]
[info]clean_batch: 114 raw → 50 valid products.[/info]
[info]Done. 50 valid products extracted.[/info]
[info]Routing task to Shopee Agent...[/info]
[info]Shopee: Navigating to homepage for safe initialization...[/info]
[warning]Shopee: Pausing for manual login/verification. Please complete it in the browser window.[/warning]
[warning]Click 'Resume' in the Playwright Inspector once you are ready.[/warning]
[info]Shopee: Resuming... Simulating human behavior...[/info]
[error]Shopee page navigation error: Page.wait_for_timeout: Target page, context or browser has been closed[/error]
[info]Aggregator: 50 total products combined.[/info]
[info]  • Tokopedia: 50 products[/info]
[success]Found 50 total products across all platforms.[/success]
[success]CSV  saved → C:\Users\arisb\Documents\antigravity\ecom_ai\exports\flanel_20260529_150409.csv[/success]
[success]XLSX saved → C:\Users\arisb\Documents\antigravity\ecom_ai\exports\flanel_20260529_150409.xlsx[/success]
[success]JSON saved → C:\Users\arisb\Documents\antigravity\ecom_ai\exports\flanel_20260529_150409.json[/success]
[success]Export process completed[/success]
[info]Closing Playwright engine...[/info]

[success]SUCCESS ✓[/success]
[info]Initiating Autonomous Research for:[/info] [accent]flanel[/accent]
[info]Starting Playwright engine with persistent context...[/info]
[info]Routing task to Tokopedia Agent...[/info]
[info]Navigating to: https://www.tokopedia.com/search?q=flanel[/info]
[info]Non-headless mode: pausing 3s for manual DOM inspection if needed.[/info]
[info]Attempt 1/3: scrolling to render products...[/info]
[info]Live DOM: 891 'Rp' nodes | 158 <a> tags visible[/info]
[info]Attempt 1: 118 raw candidates found.[/info]
[info]Sample → name: 'kemeja flanel kekinian pria wanita  premium Outfit kece vira' | price: 'Rp53.400' | sold: ''[/info]
[info]Raw candidates saved to C:\Users\arisb\Documents\antigravity\ecom_ai\exports\raw_tokopedia.json[/info]
[info]clean_batch: 118 raw → 50 valid products.[/info]
[info]Done. 50 valid products extracted.[/info]
[info]Aggregator: 50 total products prepared.[/info]
[info]  • Tokopedia: 50 products[/info]
[success]Found 50 Tokopedia products.[/success]
[success]CSV  saved → C:\Users\arisb\Documents\antigravity\ecom_ai\exports\flanel_20260529_150743.csv[/success]
[success]XLSX saved → C:\Users\arisb\Documents\antigravity\ecom_ai\exports\flanel_20260529_150743.xlsx[/success]
[success]JSON saved → C:\Users\arisb\Documents\antigravity\ecom_ai\exports\flanel_20260529_150743.json[/success]
[success]Export process completed[/success]
[info]Closing Playwright engine...[/info]

[success]SUCCESS[/success]
